[GIN-debug] [WARNING] Creating an Engine instance with the Logger and Recovery middleware already attached.

[GIN-debug] [WARNING] Running in "debug" mode. Switch to "release" mode in production.
 - using env:	export GIN_MODE=release
 - using code:	gin.SetMode(gin.ReleaseMode)

[GIN-debug] GET    /healthz                  --> github.com/ssukanmi/webservice/controller.HealthController.GetHealthStatus-fm (3 handlers)
[GIN-debug] POST   /v1/user                  --> github.com/ssukanmi/webservice/controller.UserController.CreateUser-fm (3 handlers)
[GIN-debug] GET    /v1/user/self             --> github.com/ssukanmi/webservice/controller.UserController.GetUser-fm (4 handlers)
[GIN-debug] PUT    /v1/user/self             --> github.com/ssukanmi/webservice/controller.UserController.UpdateUser-fm (4 handlers)
[GIN-debug] [WARNING] You trusted all proxies, this is NOT safe. We recommend you to set a value.
Please check https://pkg.go.dev/github.com/gin-gonic/gin#readme-don-t-trust-all-proxies for details.
[GIN-debug] Listening and serving HTTP on :8080
[GIN] 2022/02/21 - 14:06:44 | 201 |    5.853667ms |             ::1 | GET      "/v1/user/self"
[GIN] 2022/02/21 - 14:06:46 | 201 |    3.417083ms |             ::1 | GET      "/v1/user/self"
[GIN] 2022/02/21 - 14:06:57 | 200 |    4.976875ms |             ::1 | PUT      "/v1/user/self"
[GIN] 2022/02/21 - 14:07:13 | 200 |    7.386208ms |             ::1 | PUT      "/v1/user/self"
[GIN] 2022/02/21 - 14:07:18 | 200 |    4.098291ms |             ::1 | PUT      "/v1/user/self"
[GIN] 2022/02/21 - 14:07:20 | 200 |    4.913334ms |             ::1 | PUT      "/v1/user/self"
[GIN] 2022/02/21 - 14:07:21 | 200 |    4.253542ms |             ::1 | PUT      "/v1/user/self"
[GIN] 2022/02/21 - 14:07:22 | 200 |    4.962666ms |             ::1 | PUT      "/v1/user/self"
[GIN] 2022/02/21 - 14:07:23 | 200 |    4.270125ms |             ::1 | PUT      "/v1/user/self"
[GIN] 2022/02/21 - 14:07:24 | 200 |       5.283ms |             ::1 | PUT      "/v1/user/self"
[GIN] 2022/02/21 - 14:08:03 | 400 |     2.42675ms |             ::1 | PUT      "/v1/user/self"
